c:\users\simon\onedrive\tnm094-media-navigering\microcosmos\vc2013\build\x64\release\intermediate\cameraparameters.obj
c:\users\simon\onedrive\tnm094-media-navigering\microcosmos\vc2013\build\x64\release\intermediate\markerdetector.obj
c:\users\simon\onedrive\tnm094-media-navigering\microcosmos\vc2013\build\x64\release\intermediate\poevents.obj
c:\users\simon\onedrive\tnm094-media-navigering\microcosmos\vc2013\build\x64\release\intermediate\poimage.obj
c:\users\simon\onedrive\tnm094-media-navigering\microcosmos\vc2013\build\x64\release\intermediate\poshape.obj
c:\users\simon\onedrive\tnm094-media-navigering\microcosmos\vc2013\build\x64\release\intermediate\realcard.obj
c:\users\simon\onedrive\tnm094-media-navigering\microcosmos\vc2013\build\x64\release\intermediate\boarddetector.obj
c:\users\simon\onedrive\tnm094-media-navigering\microcosmos\vc2013\build\x64\release\intermediate\marker.obj
c:\users\simon\onedrive\tnm094-media-navigering\microcosmos\vc2013\build\x64\release\intermediate\poeventcenter.obj
c:\users\simon\onedrive\tnm094-media-navigering\microcosmos\vc2013\build\x64\release\intermediate\pomatrixset.obj
c:\users\simon\onedrive\tnm094-media-navigering\microcosmos\vc2013\build\x64\release\intermediate\ponode.obj
c:\users\simon\onedrive\tnm094-media-navigering\microcosmos\vc2013\build\x64\release\intermediate\tracking.obj
c:\users\simon\onedrive\tnm094-media-navigering\microcosmos\vc2013\build\x64\release\intermediate\board.obj
c:\users\simon\onedrive\tnm094-media-navigering\microcosmos\vc2013\build\x64\release\intermediate\microcosmos.obj
c:\users\simon\onedrive\tnm094-media-navigering\microcosmos\vc2013\build\x64\release\intermediate\ponodecontainer.obj
c:\users\simon\onedrive\tnm094-media-navigering\microcosmos\vc2013\build\x64\release\intermediate\potextbox.obj
c:\users\simon\onedrive\tnm094-media-navigering\microcosmos\vc2013\build\x64\release\intermediate\arucofidmarkers.obj
c:\users\simon\onedrive\tnm094-media-navigering\microcosmos\vc2013\build\x64\release\intermediate\cvdrawingutils.obj
c:\users\simon\onedrive\tnm094-media-navigering\microcosmos\vc2013\build\x64\release\intermediate\microcosmosapp.obj
c:\users\simon\onedrive\tnm094-media-navigering\microcosmos\vc2013\build\x64\release\intermediate\poscene.obj
c:\users\simon\onedrive\tnm094-media-navigering\microcosmos\vc2013\build\x64\release\intermediate\virtualcard.obj
c:\users\simon\onedrive\tnm094-media-navigering\microcosmos\vc2013\build\x64\release\intermediate\vc140.pdb
c:\users\simon\onedrive\tnm094-media-navigering\microcosmos\vc2013\build\x64\release\microcosmos.exe
c:\users\simon\onedrive\tnm094-media-navigering\microcosmos\vc2013\build\x64\release\microcosmos.map
c:\users\simon\onedrive\tnm094-media-navigering\microcosmos\vc2013\build\x64\release\intermediate\resources.res
c:\users\simon\onedrive\tnm094-media-navigering\microcosmos\vc2013\build\x64\release\intermediate\microcosmos.tlog\cl.command.1.tlog
c:\users\simon\onedrive\tnm094-media-navigering\microcosmos\vc2013\build\x64\release\intermediate\microcosmos.tlog\cl.read.1.tlog
c:\users\simon\onedrive\tnm094-media-navigering\microcosmos\vc2013\build\x64\release\intermediate\microcosmos.tlog\cl.write.1.tlog
c:\users\simon\onedrive\tnm094-media-navigering\microcosmos\vc2013\build\x64\release\intermediate\microcosmos.tlog\link.command.1.tlog
c:\users\simon\onedrive\tnm094-media-navigering\microcosmos\vc2013\build\x64\release\intermediate\microcosmos.tlog\link.read.1.tlog
c:\users\simon\onedrive\tnm094-media-navigering\microcosmos\vc2013\build\x64\release\intermediate\microcosmos.tlog\link.write.1.tlog
c:\users\simon\onedrive\tnm094-media-navigering\microcosmos\vc2013\build\x64\release\intermediate\microcosmos.tlog\rc.command.1.tlog
c:\users\simon\onedrive\tnm094-media-navigering\microcosmos\vc2013\build\x64\release\intermediate\microcosmos.tlog\rc.read.1.tlog
c:\users\simon\onedrive\tnm094-media-navigering\microcosmos\vc2013\build\x64\release\intermediate\microcosmos.tlog\rc.write.1.tlog
